The target system is: PICO -  - cortex-m0plus
The host system is: Linux - 5.10.103-v7l+ - armv7l
Compiling the C compiler identification source file "CMakeCCompilerId.c" succeeded.
Compiler: /usr/bin/arm-none-eabi-gcc 
Build flags: 
Id flags: -c 

The output was:
0


Compilation of the C compiler identification source "CMakeCCompilerId.c" produced "CMakeCCompilerId.o"

The C compiler identification is GNU, found in "/home/pi/Documents/picoProjects/webServer/build/CMakeFiles/3.16.3/CompilerIdC/CMakeCCompilerId.o"

Compiling the CXX compiler identification source file "CMakeCXXCompilerId.cpp" succeeded.
Compiler: /usr/bin/arm-none-eabi-g++ 
Build flags: 
Id flags: -c 

The output was:
0


Compilation of the CXX compiler identification source "CMakeCXXCompilerId.cpp" produced "CMakeCXXCompilerId.o"

The CXX compiler identification is GNU, found in "/home/pi/Documents/picoProjects/webServer/build/CMakeFiles/3.16.3/CompilerIdCXX/CMakeCXXCompilerId.o"

Determining if the C compiler works passed with the following output:
Change Dir: /home/pi/Documents/picoProjects/webServer/build/CMakeFiles/CMakeTmp

Run Build Command(s):/usr/bin/make cmTC_09ff6/fast && /usr/bin/make -f CMakeFiles/cmTC_09ff6.dir/build.make CMakeFiles/cmTC_09ff6.dir/build
make[1]: Entering directory '/home/pi/Documents/picoProjects/webServer/build/CMakeFiles/CMakeTmp'
Building C object CMakeFiles/cmTC_09ff6.dir/testCCompiler.c.obj
/usr/bin/arm-none-eabi-gcc   -mcpu=cortex-m0plus -mthumb    -o CMakeFiles/cmTC_09ff6.dir/testCCompiler.c.obj   -c /home/pi/Documents/picoProjects/webServer/build/CMakeFiles/CMakeTmp/testCCompiler.c
Linking C executable cmTC_09ff6.elf
/usr/bin/cmake -E cmake_link_script CMakeFiles/cmTC_09ff6.dir/link.txt --verbose=1
/usr/bin/arm-none-eabi-gcc -mcpu=cortex-m0plus -mthumb  -Wl,--build-id=none -nostdlib   CMakeFiles/cmTC_09ff6.dir/testCCompiler.c.obj  -o cmTC_09ff6.elf 
/usr/lib/gcc/arm-none-eabi/7.3.1/../../../arm-none-eabi/bin/ld: warning: cannot find entry symbol _start; defaulting to 00008000
make[1]: Leaving directory '/home/pi/Documents/picoProjects/webServer/build/CMakeFiles/CMakeTmp'



Detecting C compiler ABI info compiled with the following output:
Change Dir: /home/pi/Documents/picoProjects/webServer/build/CMakeFiles/CMakeTmp

Run Build Command(s):/usr/bin/make cmTC_1e86f/fast && /usr/bin/make -f CMakeFiles/cmTC_1e86f.dir/build.make CMakeFiles/cmTC_1e86f.dir/build
make[1]: Entering directory '/home/pi/Documents/picoProjects/webServer/build/CMakeFiles/CMakeTmp'
Building C object CMakeFiles/cmTC_1e86f.dir/CMakeCCompilerABI.c.obj
/usr/bin/arm-none-eabi-gcc   -mcpu=cortex-m0plus -mthumb    -v -o CMakeFiles/cmTC_1e86f.dir/CMakeCCompilerABI.c.obj   -c /usr/share/cmake-3.16/Modules/CMakeCCompilerABI.c
Using built-in specs.
COLLECT_GCC=/usr/bin/arm-none-eabi-gcc
Target: arm-none-eabi
Configured with: ../configure --build=arm-linux-gnueabihf --prefix=/usr --includedir='/usr/lib/include' --mandir='/usr/lib/share/man' --infodir='/usr/lib/share/info' --sysconfdir=/etc --localstatedir=/var --disable-silent-rules --libdir='/usr/lib/lib/arm-linux-gnueabihf' --libexecdir='/usr/lib/lib/arm-linux-gnueabihf' --disable-maintainer-mode --disable-dependency-tracking --mandir=/usr/share/man --enable-languages=c,c++,lto --enable-multilib --disable-decimal-float --disable-libffi --disable-libgomp --disable-libmudflap --disable-libquadmath --disable-libssp --disable-libstdcxx-pch --disable-nls --disable-shared --disable-threads --disable-tls --build=arm-linux-gnueabihf --target=arm-none-eabi --with-system-zlib --with-gnu-as --with-gnu-ld --with-pkgversion=15:7-2018-q2-6 --without-included-gettext --prefix=/usr/lib --infodir=/usr/share/doc/gcc-arm-none-eabi/info --htmldir=/usr/share/doc/gcc-arm-none-eabi/html --pdfdir=/usr/share/doc/gcc-arm-none-eabi/pdf --bindir=/usr/bin --libexecdir=/usr/lib --libdir=/usr/lib --disable-libstdc++-v3 --host=arm-linux-gnueabihf --with-headers=no --without-newlib --with-multilib-list=rmprofile CFLAGS='-g -O2 -fdebug-prefix-map=/build/gcc-arm-none-eabi-glcAvX/gcc-arm-none-eabi-7-2018-q2=. -fstack-protector-strong' CPPFLAGS='-Wdate-time -D_FORTIFY_SOURCE=2' CXXFLAGS='-g -O2 -fdebug-prefix-map=/build/gcc-arm-none-eabi-glcAvX/gcc-arm-none-eabi-7-2018-q2=. -fstack-protector-strong' FCFLAGS='-g -O2 -fdebug-prefix-map=/build/gcc-arm-none-eabi-glcAvX/gcc-arm-none-eabi-7-2018-q2=. -fstack-protector-strong' FFLAGS='-g -O2 -fdebug-prefix-map=/build/gcc-arm-none-eabi-glcAvX/gcc-arm-none-eabi-7-2018-q2=. -fstack-protector-strong' GCJFLAGS='-g -O2 -fdebug-prefix-map=/build/gcc-arm-none-eabi-glcAvX/gcc-arm-none-eabi-7-2018-q2=. -fstack-protector-strong' LDFLAGS=-Wl,-z,relro OBJCFLAGS='-g -O2 -fdebug-prefix-map=/build/gcc-arm-none-eabi-glcAvX/gcc-arm-none-eabi-7-2018-q2=. -fstack-protector-strong' OBJCXXFLAGS='-g -O2 -fdebug-prefix-map=/build/gcc-arm-none-eabi-glcAvX/gcc-arm-none-eabi-7-2018-q2=. -fstack-protector-strong' INHIBIT_LIBC_CFLAGS=-DUSE_TM_CLONE_REGISTRY=0 AR_FOR_TARGET=arm-none-eabi-ar AS_FOR_TARGET=arm-none-eabi-as LD_FOR_TARGET=arm-none-eabi-ld NM_FOR_TARGET=arm-none-eabi-nm OBJDUMP_FOR_TARGET=arm-none-eabi-objdump RANLIB_FOR_TARGET=arm-none-eabi-ranlib READELF_FOR_TARGET=arm-none-eabi-readelf STRIP_FOR_TARGET=arm-none-eabi-strip
Thread model: single
gcc version 7.3.1 20180622 (release) [ARM/embedded-7-branch revision 261907] (15:7-2018-q2-6) 
COLLECT_GCC_OPTIONS='-mcpu=cortex-m0plus' '-mthumb' '-v' '-o' 'CMakeFiles/cmTC_1e86f.dir/CMakeCCompilerABI.c.obj' '-c'
 /usr/lib/gcc/arm-none-eabi/7.3.1/cc1 -quiet -v -imultilib thumb/v6-m -D__USES_INITFINI__ /usr/share/cmake-3.16/Modules/CMakeCCompilerABI.c -quiet -dumpbase CMakeCCompilerABI.c -mcpu=cortex-m0plus -mthumb -auxbase-strip CMakeFiles/cmTC_1e86f.dir/CMakeCCompilerABI.c.obj -version -o /tmp/ccnVQDnI.s
GNU C11 (15:7-2018-q2-6) version 7.3.1 20180622 (release) [ARM/embedded-7-branch revision 261907] (arm-none-eabi)
	compiled by GNU C version 8.2.0, GMP version 6.1.2, MPFR version 4.0.2, MPC version 1.1.0, isl version none
GGC heuristics: --param ggc-min-expand=100 --param ggc-min-heapsize=131072
ignoring nonexistent directory "/usr/lib/gcc/arm-none-eabi/7.3.1/../../../arm-none-eabi/sys-include"
#include "..." search starts here:
#include <...> search starts here:
 /usr/lib/gcc/arm-none-eabi/7.3.1/include
 /usr/lib/gcc/arm-none-eabi/7.3.1/include-fixed
 /usr/lib/gcc/arm-none-eabi/7.3.1/../../../arm-none-eabi/include
End of search list.
GNU C11 (15:7-2018-q2-6) version 7.3.1 20180622 (release) [ARM/embedded-7-branch revision 261907] (arm-none-eabi)
	compiled by GNU C version 8.2.0, GMP version 6.1.2, MPFR version 4.0.2, MPC version 1.1.0, isl version none
GGC heuristics: --param ggc-min-expand=100 --param ggc-min-heapsize=131072
Compiler executable checksum: b9329478d46cc4957dffcbebb5908ed5
COLLECT_GCC_OPTIONS='-mcpu=cortex-m0plus' '-mthumb' '-v' '-o' 'CMakeFiles/cmTC_1e86f.dir/CMakeCCompilerABI.c.obj' '-c'
 /usr/lib/gcc/arm-none-eabi/7.3.1/../../../arm-none-eabi/bin/as -v -mcpu=cortex-m0plus -meabi=5 -o CMakeFiles/cmTC_1e86f.dir/CMakeCCompilerABI.c.obj /tmp/ccnVQDnI.s
GNU assembler version 2.31.1 (arm-none-eabi) using BFD version (2.31.1-11+rpi1+11) 2.31.1
COMPILER_PATH=/usr/lib/gcc/arm-none-eabi/7.3.1/:/usr/lib/gcc/arm-none-eabi/7.3.1/:/usr/lib/gcc/arm-none-eabi/:/usr/lib/gcc/arm-none-eabi/7.3.1/:/usr/lib/gcc/arm-none-eabi/:/usr/lib/gcc/arm-none-eabi/7.3.1/../../../arm-none-eabi/bin/
LIBRARY_PATH=/usr/lib/gcc/arm-none-eabi/7.3.1/thumb/v6-m/:/usr/lib/gcc/arm-none-eabi/7.3.1/../../../arm-none-eabi/lib/thumb/v6-m/:/usr/lib/gcc/arm-none-eabi/7.3.1/:/usr/lib/gcc/arm-none-eabi/7.3.1/../../../arm-none-eabi/lib/
COLLECT_GCC_OPTIONS='-mcpu=cortex-m0plus' '-mthumb' '-v' '-o' 'CMakeFiles/cmTC_1e86f.dir/CMakeCCompilerABI.c.obj' '-c'
Linking C executable cmTC_1e86f.elf
/usr/bin/cmake -E cmake_link_script CMakeFiles/cmTC_1e86f.dir/link.txt --verbose=1
/usr/bin/arm-none-eabi-gcc -mcpu=cortex-m0plus -mthumb  -Wl,--build-id=none -nostdlib  -v CMakeFiles/cmTC_1e86f.dir/CMakeCCompilerABI.c.obj  -o cmTC_1e86f.elf 
Using built-in specs.
COLLECT_GCC=/usr/bin/arm-none-eabi-gcc
COLLECT_LTO_WRAPPER=/usr/lib/gcc/arm-none-eabi/7.3.1/lto-wrapper
Target: arm-none-eabi
Configured with: ../configure --build=arm-linux-gnueabihf --prefix=/usr --includedir='/usr/lib/include' --mandir='/usr/lib/share/man' --infodir='/usr/lib/share/info' --sysconfdir=/etc --localstatedir=/var --disable-silent-rules --libdir='/usr/lib/lib/arm-linux-gnueabihf' --libexecdir='/usr/lib/lib/arm-linux-gnueabihf' --disable-maintainer-mode --disable-dependency-tracking --mandir=/usr/share/man --enable-languages=c,c++,lto --enable-multilib --disable-decimal-float --disable-libffi --disable-libgomp --disable-libmudflap --disable-libquadmath --disable-libssp --disable-libstdcxx-pch --disable-nls --disable-shared --disable-threads --disable-tls --build=arm-linux-gnueabihf --target=arm-none-eabi --with-system-zlib --with-gnu-as --with-gnu-ld --with-pkgversion=15:7-2018-q2-6 --without-included-gettext --prefix=/usr/lib --infodir=/usr/share/doc/gcc-arm-none-eabi/info --htmldir=/usr/share/doc/gcc-arm-none-eabi/html --pdfdir=/usr/share/doc/gcc-arm-none-eabi/pdf --bindir=/usr/bin --libexecdir=/usr/lib --libdir=/usr/lib --disable-libstdc++-v3 --host=arm-linux-gnueabihf --with-headers=no --without-newlib --with-multilib-list=rmprofile CFLAGS='-g -O2 -fdebug-prefix-map=/build/gcc-arm-none-eabi-glcAvX/gcc-arm-none-eabi-7-2018-q2=. -fstack-protector-strong' CPPFLAGS='-Wdate-time -D_FORTIFY_SOURCE=2' CXXFLAGS='-g -O2 -fdebug-prefix-map=/build/gcc-arm-none-eabi-glcAvX/gcc-arm-none-eabi-7-2018-q2=. -fstack-protector-strong' FCFLAGS='-g -O2 -fdebug-prefix-map=/build/gcc-arm-none-eabi-glcAvX/gcc-arm-none-eabi-7-2018-q2=. -fstack-protector-strong' FFLAGS='-g -O2 -fdebug-prefix-map=/build/gcc-arm-none-eabi-glcAvX/gcc-arm-none-eabi-7-2018-q2=. -fstack-protector-strong' GCJFLAGS='-g -O2 -fdebug-prefix-map=/build/gcc-arm-none-eabi-glcAvX/gcc-arm-none-eabi-7-2018-q2=. -fstack-protector-strong' LDFLAGS=-Wl,-z,relro OBJCFLAGS='-g -O2 -fdebug-prefix-map=/build/gcc-arm-none-eabi-glcAvX/gcc-arm-none-eabi-7-2018-q2=. -fstack-protector-strong' OBJCXXFLAGS='-g -O2 -fdebug-prefix-map=/build/gcc-arm-none-eabi-glcAvX/gcc-arm-none-eabi-7-2018-q2=. -fstack-protector-strong' INHIBIT_LIBC_CFLAGS=-DUSE_TM_CLONE_REGISTRY=0 AR_FOR_TARGET=arm-none-eabi-ar AS_FOR_TARGET=arm-none-eabi-as LD_FOR_TARGET=arm-none-eabi-ld NM_FOR_TARGET=arm-none-eabi-nm OBJDUMP_FOR_TARGET=arm-none-eabi-objdump RANLIB_FOR_TARGET=arm-none-eabi-ranlib READELF_FOR_TARGET=arm-none-eabi-readelf STRIP_FOR_TARGET=arm-none-eabi-strip
Thread model: single
gcc version 7.3.1 20180622 (release) [ARM/embedded-7-branch revision 261907] (15:7-2018-q2-6) 
COMPILER_PATH=/usr/lib/gcc/arm-none-eabi/7.3.1/:/usr/lib/gcc/arm-none-eabi/7.3.1/:/usr/lib/gcc/arm-none-eabi/:/usr/lib/gcc/arm-none-eabi/7.3.1/:/usr/lib/gcc/arm-none-eabi/:/usr/lib/gcc/arm-none-eabi/7.3.1/../../../arm-none-eabi/bin/
LIBRARY_PATH=/usr/lib/gcc/arm-none-eabi/7.3.1/thumb/v6-m/:/usr/lib/gcc/arm-none-eabi/7.3.1/../../../arm-none-eabi/lib/thumb/v6-m/:/usr/lib/gcc/arm-none-eabi/7.3.1/:/usr/lib/gcc/arm-none-eabi/7.3.1/../../../arm-none-eabi/lib/
COLLECT_GCC_OPTIONS='-mcpu=cortex-m0plus' '-mthumb' '-nostdlib' '-v' '-o' 'cmTC_1e86f.elf'
 /usr/lib/gcc/arm-none-eabi/7.3.1/collect2 -plugin /usr/lib/gcc/arm-none-eabi/7.3.1/liblto_plugin.so -plugin-opt=/usr/lib/gcc/arm-none-eabi/7.3.1/lto-wrapper -plugin-opt=-fresolution=/tmp/ccnQ2CTU.res -X -o cmTC_1e86f.elf -L/usr/lib/gcc/arm-none-eabi/7.3.1/thumb/v6-m -L/usr/lib/gcc/arm-none-eabi/7.3.1/../../../arm-none-eabi/lib/thumb/v6-m -L/usr/lib/gcc/arm-none-eabi/7.3.1 -L/usr/lib/gcc/arm-none-eabi/7.3.1/../../../arm-none-eabi/lib --build-id=none CMakeFiles/cmTC_1e86f.dir/CMakeCCompilerABI.c.obj
/usr/lib/gcc/arm-none-eabi/7.3.1/../../../arm-none-eabi/bin/ld: warning: cannot find entry symbol _start; defaulting to 00008000
COLLECT_GCC_OPTIONS='-mcpu=cortex-m0plus' '-mthumb' '-nostdlib' '-v' '-o' 'cmTC_1e86f.elf'
make[1]: Leaving directory '/home/pi/Documents/picoProjects/webServer/build/CMakeFiles/CMakeTmp'



Parsed C implicit include dir info from above output: rv=done
  found start of include info
  found start of implicit include info
    add: [/usr/lib/gcc/arm-none-eabi/7.3.1/include]
    add: [/usr/lib/gcc/arm-none-eabi/7.3.1/include-fixed]
    add: [/usr/lib/gcc/arm-none-eabi/7.3.1/../../../arm-none-eabi/include]
  end of search list found
  collapse include dir [/usr/lib/gcc/arm-none-eabi/7.3.1/include] ==> [/usr/lib/gcc/arm-none-eabi/7.3.1/include]
  collapse include dir [/usr/lib/gcc/arm-none-eabi/7.3.1/include-fixed] ==> [/usr/lib/gcc/arm-none-eabi/7.3.1/include-fixed]
  collapse include dir [/usr/lib/gcc/arm-none-eabi/7.3.1/../../../arm-none-eabi/include] ==> [/usr/lib/arm-none-eabi/include]
  implicit include dirs: [/usr/lib/gcc/arm-none-eabi/7.3.1/include;/usr/lib/gcc/arm-none-eabi/7.3.1/include-fixed;/usr/lib/arm-none-eabi/include]


Parsed C implicit link information from above output:
  link line regex: [^( *|.*[/\])(arm-none-eabi-ld|CMAKE_LINK_STARTFILE-NOTFOUND|([^/\]+-)?ld|collect2)[^/\]*( |$)]
  ignore line: [Change Dir: /home/pi/Documents/picoProjects/webServer/build/CMakeFiles/CMakeTmp]
  ignore line: []
  ignore line: [Run Build Command(s):/usr/bin/make cmTC_1e86f/fast && /usr/bin/make -f CMakeFiles/cmTC_1e86f.dir/build.make CMakeFiles/cmTC_1e86f.dir/build]
  ignore line: [make[1]: Entering directory '/home/pi/Documents/picoProjects/webServer/build/CMakeFiles/CMakeTmp']
  ignore line: [Building C object CMakeFiles/cmTC_1e86f.dir/CMakeCCompilerABI.c.obj]
  ignore line: [/usr/bin/arm-none-eabi-gcc   -mcpu=cortex-m0plus -mthumb    -v -o CMakeFiles/cmTC_1e86f.dir/CMakeCCompilerABI.c.obj   -c /usr/share/cmake-3.16/Modules/CMakeCCompilerABI.c]
  ignore line: [Using built-in specs.]
  ignore line: [COLLECT_GCC=/usr/bin/arm-none-eabi-gcc]
  ignore line: [Target: arm-none-eabi]
  ignore line: [Configured with: ../configure --build=arm-linux-gnueabihf --prefix=/usr --includedir='/usr/lib/include' --mandir='/usr/lib/share/man' --infodir='/usr/lib/share/info' --sysconfdir=/etc --localstatedir=/var --disable-silent-rules --libdir='/usr/lib/lib/arm-linux-gnueabihf' --libexecdir='/usr/lib/lib/arm-linux-gnueabihf' --disable-maintainer-mode --disable-dependency-tracking --mandir=/usr/share/man --enable-languages=c,c++,lto --enable-multilib --disable-decimal-float --disable-libffi --disable-libgomp --disable-libmudflap --disable-libquadmath --disable-libssp --disable-libstdcxx-pch --disable-nls --disable-shared --disable-threads --disable-tls --build=arm-linux-gnueabihf --target=arm-none-eabi --with-system-zlib --with-gnu-as --with-gnu-ld --with-pkgversion=15:7-2018-q2-6 --without-included-gettext --prefix=/usr/lib --infodir=/usr/share/doc/gcc-arm-none-eabi/info --htmldir=/usr/share/doc/gcc-arm-none-eabi/html --pdfdir=/usr/share/doc/gcc-arm-none-eabi/pdf --bindir=/usr/bin --libexecdir=/usr/lib --libdir=/usr/lib --disable-libstdc++-v3 --host=arm-linux-gnueabihf --with-headers=no --without-newlib --with-multilib-list=rmprofile CFLAGS='-g -O2 -fdebug-prefix-map=/build/gcc-arm-none-eabi-glcAvX/gcc-arm-none-eabi-7-2018-q2=. -fstack-protector-strong' CPPFLAGS='-Wdate-time -D_FORTIFY_SOURCE=2' CXXFLAGS='-g -O2 -fdebug-prefix-map=/build/gcc-arm-none-eabi-glcAvX/gcc-arm-none-eabi-7-2018-q2=. -fstack-protector-strong' FCFLAGS='-g -O2 -fdebug-prefix-map=/build/gcc-arm-none-eabi-glcAvX/gcc-arm-none-eabi-7-2018-q2=. -fstack-protector-strong' FFLAGS='-g -O2 -fdebug-prefix-map=/build/gcc-arm-none-eabi-glcAvX/gcc-arm-none-eabi-7-2018-q2=. -fstack-protector-strong' GCJFLAGS='-g -O2 -fdebug-prefix-map=/build/gcc-arm-none-eabi-glcAvX/gcc-arm-none-eabi-7-2018-q2=. -fstack-protector-strong' LDFLAGS=-Wl,-z,relro OBJCFLAGS='-g -O2 -fdebug-prefix-map=/build/gcc-arm-none-eabi-glcAvX/gcc-arm-none-eabi-7-2018-q2=. -fstack-protector-strong' OBJCXXFLAGS='-g -O2 -fdebug-prefix-map=/build/gcc-arm-none-eabi-glcAvX/gcc-arm-none-eabi-7-2018-q2=. -fstack-protector-strong' INHIBIT_LIBC_CFLAGS=-DUSE_TM_CLONE_REGISTRY=0 AR_FOR_TARGET=arm-none-eabi-ar AS_FOR_TARGET=arm-none-eabi-as LD_FOR_TARGET=arm-none-eabi-ld NM_FOR_TARGET=arm-none-eabi-nm OBJDUMP_FOR_TARGET=arm-none-eabi-objdump RANLIB_FOR_TARGET=arm-none-eabi-ranlib READELF_FOR_TARGET=arm-none-eabi-readelf STRIP_FOR_TARGET=arm-none-eabi-strip]
  ignore line: [Thread model: single]
  ignore line: [gcc version 7.3.1 20180622 (release) [ARM/embedded-7-branch revision 261907] (15:7-2018-q2-6) ]
  ignore line: [COLLECT_GCC_OPTIONS='-mcpu=cortex-m0plus' '-mthumb' '-v' '-o' 'CMakeFiles/cmTC_1e86f.dir/CMakeCCompilerABI.c.obj' '-c']
  ignore line: [ /usr/lib/gcc/arm-none-eabi/7.3.1/cc1 -quiet -v -imultilib thumb/v6-m -D__USES_INITFINI__ /usr/share/cmake-3.16/Modules/CMakeCCompilerABI.c -quiet -dumpbase CMakeCCompilerABI.c -mcpu=cortex-m0plus -mthumb -auxbase-strip CMakeFiles/cmTC_1e86f.dir/CMakeCCompilerABI.c.obj -version -o /tmp/ccnVQDnI.s]
  ignore line: [GNU C11 (15:7-2018-q2-6) version 7.3.1 20180622 (release) [ARM/embedded-7-branch revision 261907] (arm-none-eabi)]
  ignore line: [	compiled by GNU C version 8.2.0  GMP version 6.1.2  MPFR version 4.0.2  MPC version 1.1.0  isl version none]
  ignore line: [GGC heuristics: --param ggc-min-expand=100 --param ggc-min-heapsize=131072]
  ignore line: [ignoring nonexistent directory "/usr/lib/gcc/arm-none-eabi/7.3.1/../../../arm-none-eabi/sys-include"]
  ignore line: [#include "..." search starts here:]
  ignore line: [#include <...> search starts here:]
  ignore line: [ /usr/lib/gcc/arm-none-eabi/7.3.1/include]
  ignore line: [ /usr/lib/gcc/arm-none-eabi/7.3.1/include-fixed]
  ignore line: [ /usr/lib/gcc/arm-none-eabi/7.3.1/../../../arm-none-eabi/include]
  ignore line: [End of search list.]
  ignore line: [GNU C11 (15:7-2018-q2-6) version 7.3.1 20180622 (release) [ARM/embedded-7-branch revision 261907] (arm-none-eabi)]
  ignore line: [	compiled by GNU C version 8.2.0  GMP version 6.1.2  MPFR version 4.0.2  MPC version 1.1.0  isl version none]
  ignore line: [GGC heuristics: --param ggc-min-expand=100 --param ggc-min-heapsize=131072]
  ignore line: [Compiler executable checksum: b9329478d46cc4957dffcbebb5908ed5]
  ignore line: [COLLECT_GCC_OPTIONS='-mcpu=cortex-m0plus' '-mthumb' '-v' '-o' 'CMakeFiles/cmTC_1e86f.dir/CMakeCCompilerABI.c.obj' '-c']
  ignore line: [ /usr/lib/gcc/arm-none-eabi/7.3.1/../../../arm-none-eabi/bin/as -v -mcpu=cortex-m0plus -meabi=5 -o CMakeFiles/cmTC_1e86f.dir/CMakeCCompilerABI.c.obj /tmp/ccnVQDnI.s]
  ignore line: [GNU assembler version 2.31.1 (arm-none-eabi) using BFD version (2.31.1-11+rpi1+11) 2.31.1]
  ignore line: [COMPILER_PATH=/usr/lib/gcc/arm-none-eabi/7.3.1/:/usr/lib/gcc/arm-none-eabi/7.3.1/:/usr/lib/gcc/arm-none-eabi/:/usr/lib/gcc/arm-none-eabi/7.3.1/:/usr/lib/gcc/arm-none-eabi/:/usr/lib/gcc/arm-none-eabi/7.3.1/../../../arm-none-eabi/bin/]
  ignore line: [LIBRARY_PATH=/usr/lib/gcc/arm-none-eabi/7.3.1/thumb/v6-m/:/usr/lib/gcc/arm-none-eabi/7.3.1/../../../arm-none-eabi/lib/thumb/v6-m/:/usr/lib/gcc/arm-none-eabi/7.3.1/:/usr/lib/gcc/arm-none-eabi/7.3.1/../../../arm-none-eabi/lib/]
  ignore line: [COLLECT_GCC_OPTIONS='-mcpu=cortex-m0plus' '-mthumb' '-v' '-o' 'CMakeFiles/cmTC_1e86f.dir/CMakeCCompilerABI.c.obj' '-c']
  ignore line: [Linking C executable cmTC_1e86f.elf]
  ignore line: [/usr/bin/cmake -E cmake_link_script CMakeFiles/cmTC_1e86f.dir/link.txt --verbose=1]
  ignore line: [/usr/bin/arm-none-eabi-gcc -mcpu=cortex-m0plus -mthumb  -Wl --build-id=none -nostdlib  -v CMakeFiles/cmTC_1e86f.dir/CMakeCCompilerABI.c.obj  -o cmTC_1e86f.elf ]
  ignore line: [Using built-in specs.]
  ignore line: [COLLECT_GCC=/usr/bin/arm-none-eabi-gcc]
  ignore line: [COLLECT_LTO_WRAPPER=/usr/lib/gcc/arm-none-eabi/7.3.1/lto-wrapper]
  ignore line: [Target: arm-none-eabi]
  ignore line: [Configured with: ../configure --build=arm-linux-gnueabihf --prefix=/usr --includedir='/usr/lib/include' --mandir='/usr/lib/share/man' --infodir='/usr/lib/share/info' --sysconfdir=/etc --localstatedir=/var --disable-silent-rules --libdir='/usr/lib/lib/arm-linux-gnueabihf' --libexecdir='/usr/lib/lib/arm-linux-gnueabihf' --disable-maintainer-mode --disable-dependency-tracking --mandir=/usr/share/man --enable-languages=c,c++,lto --enable-multilib --disable-decimal-float --disable-libffi --disable-libgomp --disable-libmudflap --disable-libquadmath --disable-libssp --disable-libstdcxx-pch --disable-nls --disable-shared --disable-threads --disable-tls --build=arm-linux-gnueabihf --target=arm-none-eabi --with-system-zlib --with-gnu-as --with-gnu-ld --with-pkgversion=15:7-2018-q2-6 --without-included-gettext --prefix=/usr/lib --infodir=/usr/share/doc/gcc-arm-none-eabi/info --htmldir=/usr/share/doc/gcc-arm-none-eabi/html --pdfdir=/usr/share/doc/gcc-arm-none-eabi/pdf --bindir=/usr/bin --libexecdir=/usr/lib --libdir=/usr/lib --disable-libstdc++-v3 --host=arm-linux-gnueabihf --with-headers=no --without-newlib --with-multilib-list=rmprofile CFLAGS='-g -O2 -fdebug-prefix-map=/build/gcc-arm-none-eabi-glcAvX/gcc-arm-none-eabi-7-2018-q2=. -fstack-protector-strong' CPPFLAGS='-Wdate-time -D_FORTIFY_SOURCE=2' CXXFLAGS='-g -O2 -fdebug-prefix-map=/build/gcc-arm-none-eabi-glcAvX/gcc-arm-none-eabi-7-2018-q2=. -fstack-protector-strong' FCFLAGS='-g -O2 -fdebug-prefix-map=/build/gcc-arm-none-eabi-glcAvX/gcc-arm-none-eabi-7-2018-q2=. -fstack-protector-strong' FFLAGS='-g -O2 -fdebug-prefix-map=/build/gcc-arm-none-eabi-glcAvX/gcc-arm-none-eabi-7-2018-q2=. -fstack-protector-strong' GCJFLAGS='-g -O2 -fdebug-prefix-map=/build/gcc-arm-none-eabi-glcAvX/gcc-arm-none-eabi-7-2018-q2=. -fstack-protector-strong' LDFLAGS=-Wl,-z,relro OBJCFLAGS='-g -O2 -fdebug-prefix-map=/build/gcc-arm-none-eabi-glcAvX/gcc-arm-none-eabi-7-2018-q2=. -fstack-protector-strong' OBJCXXFLAGS='-g -O2 -fdebug-prefix-map=/build/gcc-arm-none-eabi-glcAvX/gcc-arm-none-eabi-7-2018-q2=. -fstack-protector-strong' INHIBIT_LIBC_CFLAGS=-DUSE_TM_CLONE_REGISTRY=0 AR_FOR_TARGET=arm-none-eabi-ar AS_FOR_TARGET=arm-none-eabi-as LD_FOR_TARGET=arm-none-eabi-ld NM_FOR_TARGET=arm-none-eabi-nm OBJDUMP_FOR_TARGET=arm-none-eabi-objdump RANLIB_FOR_TARGET=arm-none-eabi-ranlib READELF_FOR_TARGET=arm-none-eabi-readelf STRIP_FOR_TARGET=arm-none-eabi-strip]
  ignore line: [Thread model: single]
  ignore line: [gcc version 7.3.1 20180622 (release) [ARM/embedded-7-branch revision 261907] (15:7-2018-q2-6) ]
  ignore line: [COMPILER_PATH=/usr/lib/gcc/arm-none-eabi/7.3.1/:/usr/lib/gcc/arm-none-eabi/7.3.1/:/usr/lib/gcc/arm-none-eabi/:/usr/lib/gcc/arm-none-eabi/7.3.1/:/usr/lib/gcc/arm-none-eabi/:/usr/lib/gcc/arm-none-eabi/7.3.1/../../../arm-none-eabi/bin/]
  ignore line: [LIBRARY_PATH=/usr/lib/gcc/arm-none-eabi/7.3.1/thumb/v6-m/:/usr/lib/gcc/arm-none-eabi/7.3.1/../../../arm-none-eabi/lib/thumb/v6-m/:/usr/lib/gcc/arm-none-eabi/7.3.1/:/usr/lib/gcc/arm-none-eabi/7.3.1/../../../arm-none-eabi/lib/]
  ignore line: [COLLECT_GCC_OPTIONS='-mcpu=cortex-m0plus' '-mthumb' '-nostdlib' '-v' '-o' 'cmTC_1e86f.elf']
  link line: [ /usr/lib/gcc/arm-none-eabi/7.3.1/collect2 -plugin /usr/lib/gcc/arm-none-eabi/7.3.1/liblto_plugin.so -plugin-opt=/usr/lib/gcc/arm-none-eabi/7.3.1/lto-wrapper -plugin-opt=-fresolution=/tmp/ccnQ2CTU.res -X -o cmTC_1e86f.elf -L/usr/lib/gcc/arm-none-eabi/7.3.1/thumb/v6-m -L/usr/lib/gcc/arm-none-eabi/7.3.1/../../../arm-none-eabi/lib/thumb/v6-m -L/usr/lib/gcc/arm-none-eabi/7.3.1 -L/usr/lib/gcc/arm-none-eabi/7.3.1/../../../arm-none-eabi/lib --build-id=none CMakeFiles/cmTC_1e86f.dir/CMakeCCompilerABI.c.obj]
    arg [/usr/lib/gcc/arm-none-eabi/7.3.1/collect2] ==> ignore
    arg [-plugin] ==> ignore
    arg [/usr/lib/gcc/arm-none-eabi/7.3.1/liblto_plugin.so] ==> ignore
    arg [-plugin-opt=/usr/lib/gcc/arm-none-eabi/7.3.1/lto-wrapper] ==> ignore
    arg [-plugin-opt=-fresolution=/tmp/ccnQ2CTU.res] ==> ignore
    arg [-X] ==> ignore
    arg [-o] ==> ignore
    arg [cmTC_1e86f.elf] ==> ignore
    arg [-L/usr/lib/gcc/arm-none-eabi/7.3.1/thumb/v6-m] ==> dir [/usr/lib/gcc/arm-none-eabi/7.3.1/thumb/v6-m]
    arg [-L/usr/lib/gcc/arm-none-eabi/7.3.1/../../../arm-none-eabi/lib/thumb/v6-m] ==> dir [/usr/lib/gcc/arm-none-eabi/7.3.1/../../../arm-none-eabi/lib/thumb/v6-m]
    arg [-L/usr/lib/gcc/arm-none-eabi/7.3.1] ==> dir [/usr/lib/gcc/arm-none-eabi/7.3.1]
    arg [-L/usr/lib/gcc/arm-none-eabi/7.3.1/../../../arm-none-eabi/lib] ==> dir [/usr/lib/gcc/arm-none-eabi/7.3.1/../../../arm-none-eabi/lib]
    arg [--build-id=none] ==> ignore
    arg [CMakeFiles/cmTC_1e86f.dir/CMakeCCompilerABI.c.obj] ==> ignore
  collapse library dir [/usr/lib/gcc/arm-none-eabi/7.3.1/thumb/v6-m] ==> [/usr/lib/gcc/arm-none-eabi/7.3.1/thumb/v6-m]
  collapse library dir [/usr/lib/gcc/arm-none-eabi/7.3.1/../../../arm-none-eabi/lib/thumb/v6-m] ==> [/usr/lib/arm-none-eabi/lib/thumb/v6-m]
  collapse library dir [/usr/lib/gcc/arm-none-eabi/7.3.1] ==> [/usr/lib/gcc/arm-none-eabi/7.3.1]
  collapse library dir [/usr/lib/gcc/arm-none-eabi/7.3.1/../../../arm-none-eabi/lib] ==> [/usr/lib/arm-none-eabi/lib]
  implicit libs: []
  implicit dirs: [/usr/lib/gcc/arm-none-eabi/7.3.1/thumb/v6-m;/usr/lib/arm-none-eabi/lib/thumb/v6-m;/usr/lib/gcc/arm-none-eabi/7.3.1;/usr/lib/arm-none-eabi/lib]
  implicit fwks: []


Determining if the CXX compiler works passed with the following output:
Change Dir: /home/pi/Documents/picoProjects/webServer/build/CMakeFiles/CMakeTmp

Run Build Command(s):/usr/bin/make cmTC_6f2d1/fast && /usr/bin/make -f CMakeFiles/cmTC_6f2d1.dir/build.make CMakeFiles/cmTC_6f2d1.dir/build
make[1]: Entering directory '/home/pi/Documents/picoProjects/webServer/build/CMakeFiles/CMakeTmp'
Building CXX object CMakeFiles/cmTC_6f2d1.dir/testCXXCompiler.cxx.obj
/usr/bin/arm-none-eabi-g++    -mcpu=cortex-m0plus -mthumb    -o CMakeFiles/cmTC_6f2d1.dir/testCXXCompiler.cxx.obj -c /home/pi/Documents/picoProjects/webServer/build/CMakeFiles/CMakeTmp/testCXXCompiler.cxx
Linking CXX executable cmTC_6f2d1.elf
/usr/bin/cmake -E cmake_link_script CMakeFiles/cmTC_6f2d1.dir/link.txt --verbose=1
/usr/bin/arm-none-eabi-g++  -mcpu=cortex-m0plus -mthumb  -Wl,--build-id=none -nostdlib   CMakeFiles/cmTC_6f2d1.dir/testCXXCompiler.cxx.obj  -o cmTC_6f2d1.elf 
/usr/lib/gcc/arm-none-eabi/7.3.1/../../../arm-none-eabi/bin/ld: warning: cannot find entry symbol _start; defaulting to 00008000
make[1]: Leaving directory '/home/pi/Documents/picoProjects/webServer/build/CMakeFiles/CMakeTmp'



Detecting CXX compiler ABI info compiled with the following output:
Change Dir: /home/pi/Documents/picoProjects/webServer/build/CMakeFiles/CMakeTmp

Run Build Command(s):/usr/bin/make cmTC_1309e/fast && /usr/bin/make -f CMakeFiles/cmTC_1309e.dir/build.make CMakeFiles/cmTC_1309e.dir/build
make[1]: Entering directory '/home/pi/Documents/picoProjects/webServer/build/CMakeFiles/CMakeTmp'
Building CXX object CMakeFiles/cmTC_1309e.dir/CMakeCXXCompilerABI.cpp.obj
/usr/bin/arm-none-eabi-g++    -mcpu=cortex-m0plus -mthumb    -v -o CMakeFiles/cmTC_1309e.dir/CMakeCXXCompilerABI.cpp.obj -c /usr/share/cmake-3.16/Modules/CMakeCXXCompilerABI.cpp
Using built-in specs.
COLLECT_GCC=/usr/bin/arm-none-eabi-g++
Target: arm-none-eabi
Configured with: ../configure --build=arm-linux-gnueabihf --prefix=/usr --includedir='/usr/lib/include' --mandir='/usr/lib/share/man' --infodir='/usr/lib/share/info' --sysconfdir=/etc --localstatedir=/var --disable-silent-rules --libdir='/usr/lib/lib/arm-linux-gnueabihf' --libexecdir='/usr/lib/lib/arm-linux-gnueabihf' --disable-maintainer-mode --disable-dependency-tracking --mandir=/usr/share/man --enable-languages=c,c++,lto --enable-multilib --disable-decimal-float --disable-libffi --disable-libgomp --disable-libmudflap --disable-libquadmath --disable-libssp --disable-libstdcxx-pch --disable-nls --disable-shared --disable-threads --disable-tls --build=arm-linux-gnueabihf --target=arm-none-eabi --with-system-zlib --with-gnu-as --with-gnu-ld --with-pkgversion=15:7-2018-q2-6 --without-included-gettext --prefix=/usr/lib --infodir=/usr/share/doc/gcc-arm-none-eabi/info --htmldir=/usr/share/doc/gcc-arm-none-eabi/html --pdfdir=/usr/share/doc/gcc-arm-none-eabi/pdf --bindir=/usr/bin --libexecdir=/usr/lib --libdir=/usr/lib --disable-libstdc++-v3 --host=arm-linux-gnueabihf --with-headers=no --without-newlib --with-multilib-list=rmprofile CFLAGS='-g -O2 -fdebug-prefix-map=/build/gcc-arm-none-eabi-glcAvX/gcc-arm-none-eabi-7-2018-q2=. -fstack-protector-strong' CPPFLAGS='-Wdate-time -D_FORTIFY_SOURCE=2' CXXFLAGS='-g -O2 -fdebug-prefix-map=/build/gcc-arm-none-eabi-glcAvX/gcc-arm-none-eabi-7-2018-q2=. -fstack-protector-strong' FCFLAGS='-g -O2 -fdebug-prefix-map=/build/gcc-arm-none-eabi-glcAvX/gcc-arm-none-eabi-7-2018-q2=. -fstack-protector-strong' FFLAGS='-g -O2 -fdebug-prefix-map=/build/gcc-arm-none-eabi-glcAvX/gcc-arm-none-eabi-7-2018-q2=. -fstack-protector-strong' GCJFLAGS='-g -O2 -fdebug-prefix-map=/build/gcc-arm-none-eabi-glcAvX/gcc-arm-none-eabi-7-2018-q2=. -fstack-protector-strong' LDFLAGS=-Wl,-z,relro OBJCFLAGS='-g -O2 -fdebug-prefix-map=/build/gcc-arm-none-eabi-glcAvX/gcc-arm-none-eabi-7-2018-q2=. -fstack-protector-strong' OBJCXXFLAGS='-g -O2 -fdebug-prefix-map=/build/gcc-arm-none-eabi-glcAvX/gcc-arm-none-eabi-7-2018-q2=. -fstack-protector-strong' INHIBIT_LIBC_CFLAGS=-DUSE_TM_CLONE_REGISTRY=0 AR_FOR_TARGET=arm-none-eabi-ar AS_FOR_TARGET=arm-none-eabi-as LD_FOR_TARGET=arm-none-eabi-ld NM_FOR_TARGET=arm-none-eabi-nm OBJDUMP_FOR_TARGET=arm-none-eabi-objdump RANLIB_FOR_TARGET=arm-none-eabi-ranlib READELF_FOR_TARGET=arm-none-eabi-readelf STRIP_FOR_TARGET=arm-none-eabi-strip
Thread model: single
gcc version 7.3.1 20180622 (release) [ARM/embedded-7-branch revision 261907] (15:7-2018-q2-6) 
COLLECT_GCC_OPTIONS='-mcpu=cortex-m0plus' '-mthumb' '-v' '-o' 'CMakeFiles/cmTC_1309e.dir/CMakeCXXCompilerABI.cpp.obj' '-c'
 /usr/lib/gcc/arm-none-eabi/7.3.1/cc1plus -quiet -v -imultilib thumb/v6-m -D__USES_INITFINI__ /usr/share/cmake-3.16/Modules/CMakeCXXCompilerABI.cpp -quiet -dumpbase CMakeCXXCompilerABI.cpp -mcpu=cortex-m0plus -mthumb -auxbase-strip CMakeFiles/cmTC_1309e.dir/CMakeCXXCompilerABI.cpp.obj -version -o /tmp/ccbmx05j.s
GNU C++14 (15:7-2018-q2-6) version 7.3.1 20180622 (release) [ARM/embedded-7-branch revision 261907] (arm-none-eabi)
	compiled by GNU C version 8.2.0, GMP version 6.1.2, MPFR version 4.0.2, MPC version 1.1.0, isl version none
GGC heuristics: --param ggc-min-expand=100 --param ggc-min-heapsize=131072
ignoring nonexistent directory "/usr/lib/gcc/arm-none-eabi/7.3.1/../../../arm-none-eabi/sys-include"
#include "..." search starts here:
#include <...> search starts here:
 /usr/lib/gcc/arm-none-eabi/7.3.1/../../../arm-none-eabi/include/c++/7.3.1
 /usr/lib/gcc/arm-none-eabi/7.3.1/../../../arm-none-eabi/include/c++/7.3.1/arm-none-eabi/thumb/v6-m
 /usr/lib/gcc/arm-none-eabi/7.3.1/../../../arm-none-eabi/include/c++/7.3.1/backward
 /usr/lib/gcc/arm-none-eabi/7.3.1/include
 /usr/lib/gcc/arm-none-eabi/7.3.1/include-fixed
 /usr/lib/gcc/arm-none-eabi/7.3.1/../../../arm-none-eabi/include
End of search list.
GNU C++14 (15:7-2018-q2-6) version 7.3.1 20180622 (release) [ARM/embedded-7-branch revision 261907] (arm-none-eabi)
	compiled by GNU C version 8.2.0, GMP version 6.1.2, MPFR version 4.0.2, MPC version 1.1.0, isl version none
GGC heuristics: --param ggc-min-expand=100 --param ggc-min-heapsize=131072
Compiler executable checksum: cdb3d4f9f25b62ed0141243beb4d16b7
COLLECT_GCC_OPTIONS='-mcpu=cortex-m0plus' '-mthumb' '-v' '-o' 'CMakeFiles/cmTC_1309e.dir/CMakeCXXCompilerABI.cpp.obj' '-c'
 /usr/lib/gcc/arm-none-eabi/7.3.1/../../../arm-none-eabi/bin/as -v -mcpu=cortex-m0plus -meabi=5 -o CMakeFiles/cmTC_1309e.dir/CMakeCXXCompilerABI.cpp.obj /tmp/ccbmx05j.s
GNU assembler version 2.31.1 (arm-none-eabi) using BFD version (2.31.1-11+rpi1+11) 2.31.1
COMPILER_PATH=/usr/lib/gcc/arm-none-eabi/7.3.1/:/usr/lib/gcc/arm-none-eabi/7.3.1/:/usr/lib/gcc/arm-none-eabi/:/usr/lib/gcc/arm-none-eabi/7.3.1/:/usr/lib/gcc/arm-none-eabi/:/usr/lib/gcc/arm-none-eabi/7.3.1/../../../arm-none-eabi/bin/
LIBRARY_PATH=/usr/lib/gcc/arm-none-eabi/7.3.1/thumb/v6-m/:/usr/lib/gcc/arm-none-eabi/7.3.1/../../../arm-none-eabi/lib/thumb/v6-m/:/usr/lib/gcc/arm-none-eabi/7.3.1/:/usr/lib/gcc/arm-none-eabi/7.3.1/../../../arm-none-eabi/lib/
COLLECT_GCC_OPTIONS='-mcpu=cortex-m0plus' '-mthumb' '-v' '-o' 'CMakeFiles/cmTC_1309e.dir/CMakeCXXCompilerABI.cpp.obj' '-c'
Linking CXX executable cmTC_1309e.elf
/usr/bin/cmake -E cmake_link_script CMakeFiles/cmTC_1309e.dir/link.txt --verbose=1
/usr/bin/arm-none-eabi-g++  -mcpu=cortex-m0plus -mthumb  -Wl,--build-id=none -nostdlib  -v CMakeFiles/cmTC_1309e.dir/CMakeCXXCompilerABI.cpp.obj  -o cmTC_1309e.elf 
Using built-in specs.
COLLECT_GCC=/usr/bin/arm-none-eabi-g++
COLLECT_LTO_WRAPPER=/usr/lib/gcc/arm-none-eabi/7.3.1/lto-wrapper
Target: arm-none-eabi
Configured with: ../configure --build=arm-linux-gnueabihf --prefix=/usr --includedir='/usr/lib/include' --mandir='/usr/lib/share/man' --infodir='/usr/lib/share/info' --sysconfdir=/etc --localstatedir=/var --disable-silent-rules --libdir='/usr/lib/lib/arm-linux-gnueabihf' --libexecdir='/usr/lib/lib/arm-linux-gnueabihf' --disable-maintainer-mode --disable-dependency-tracking --mandir=/usr/share/man --enable-languages=c,c++,lto --enable-multilib --disable-decimal-float --disable-libffi --disable-libgomp --disable-libmudflap --disable-libquadmath --disable-libssp --disable-libstdcxx-pch --disable-nls --disable-shared --disable-threads --disable-tls --build=arm-linux-gnueabihf --target=arm-none-eabi --with-system-zlib --with-gnu-as --with-gnu-ld --with-pkgversion=15:7-2018-q2-6 --without-included-gettext --prefix=/usr/lib --infodir=/usr/share/doc/gcc-arm-none-eabi/info --htmldir=/usr/share/doc/gcc-arm-none-eabi/html --pdfdir=/usr/share/doc/gcc-arm-none-eabi/pdf --bindir=/usr/bin --libexecdir=/usr/lib --libdir=/usr/lib --disable-libstdc++-v3 --host=arm-linux-gnueabihf --with-headers=no --without-newlib --with-multilib-list=rmprofile CFLAGS='-g -O2 -fdebug-prefix-map=/build/gcc-arm-none-eabi-glcAvX/gcc-arm-none-eabi-7-2018-q2=. -fstack-protector-strong' CPPFLAGS='-Wdate-time -D_FORTIFY_SOURCE=2' CXXFLAGS='-g -O2 -fdebug-prefix-map=/build/gcc-arm-none-eabi-glcAvX/gcc-arm-none-eabi-7-2018-q2=. -fstack-protector-strong' FCFLAGS='-g -O2 -fdebug-prefix-map=/build/gcc-arm-none-eabi-glcAvX/gcc-arm-none-eabi-7-2018-q2=. -fstack-protector-strong' FFLAGS='-g -O2 -fdebug-prefix-map=/build/gcc-arm-none-eabi-glcAvX/gcc-arm-none-eabi-7-2018-q2=. -fstack-protector-strong' GCJFLAGS='-g -O2 -fdebug-prefix-map=/build/gcc-arm-none-eabi-glcAvX/gcc-arm-none-eabi-7-2018-q2=. -fstack-protector-strong' LDFLAGS=-Wl,-z,relro OBJCFLAGS='-g -O2 -fdebug-prefix-map=/build/gcc-arm-none-eabi-glcAvX/gcc-arm-none-eabi-7-2018-q2=. -fstack-protector-strong' OBJCXXFLAGS='-g -O2 -fdebug-prefix-map=/build/gcc-arm-none-eabi-glcAvX/gcc-arm-none-eabi-7-2018-q2=. -fstack-protector-strong' INHIBIT_LIBC_CFLAGS=-DUSE_TM_CLONE_REGISTRY=0 AR_FOR_TARGET=arm-none-eabi-ar AS_FOR_TARGET=arm-none-eabi-as LD_FOR_TARGET=arm-none-eabi-ld NM_FOR_TARGET=arm-none-eabi-nm OBJDUMP_FOR_TARGET=arm-none-eabi-objdump RANLIB_FOR_TARGET=arm-none-eabi-ranlib READELF_FOR_TARGET=arm-none-eabi-readelf STRIP_FOR_TARGET=arm-none-eabi-strip
Thread model: single
gcc version 7.3.1 20180622 (release) [ARM/embedded-7-branch revision 261907] (15:7-2018-q2-6) 
COMPILER_PATH=/usr/lib/gcc/arm-none-eabi/7.3.1/:/usr/lib/gcc/arm-none-eabi/7.3.1/:/usr/lib/gcc/arm-none-eabi/:/usr/lib/gcc/arm-none-eabi/7.3.1/:/usr/lib/gcc/arm-none-eabi/:/usr/lib/gcc/arm-none-eabi/7.3.1/../../../arm-none-eabi/bin/
LIBRARY_PATH=/usr/lib/gcc/arm-none-eabi/7.3.1/thumb/v6-m/:/usr/lib/gcc/arm-none-eabi/7.3.1/../../../arm-none-eabi/lib/thumb/v6-m/:/usr/lib/gcc/arm-none-eabi/7.3.1/:/usr/lib/gcc/arm-none-eabi/7.3.1/../../../arm-none-eabi/lib/
COLLECT_GCC_OPTIONS='-mcpu=cortex-m0plus' '-mthumb' '-nostdlib' '-v' '-o' 'cmTC_1309e.elf'
 /usr/lib/gcc/arm-none-eabi/7.3.1/collect2 -plugin /usr/lib/gcc/arm-none-eabi/7.3.1/liblto_plugin.so -plugin-opt=/usr/lib/gcc/arm-none-eabi/7.3.1/lto-wrapper -plugin-opt=-fresolution=/tmp/cc8AekFh.res -X -o cmTC_1309e.elf -L/usr/lib/gcc/arm-none-eabi/7.3.1/thumb/v6-m -L/usr/lib/gcc/arm-none-eabi/7.3.1/../../../arm-none-eabi/lib/thumb/v6-m -L/usr/lib/gcc/arm-none-eabi/7.3.1 -L/usr/lib/gcc/arm-none-eabi/7.3.1/../../../arm-none-eabi/lib --build-id=none CMakeFiles/cmTC_1309e.dir/CMakeCXXCompilerABI.cpp.obj
/usr/lib/gcc/arm-none-eabi/7.3.1/../../../arm-none-eabi/bin/ld: warning: cannot find entry symbol _start; defaulting to 00008000
COLLECT_GCC_OPTIONS='-mcpu=cortex-m0plus' '-mthumb' '-nostdlib' '-v' '-o' 'cmTC_1309e.elf'
make[1]: Leaving directory '/home/pi/Documents/picoProjects/webServer/build/CMakeFiles/CMakeTmp'



Parsed CXX implicit include dir info from above output: rv=done
  found start of include info
  found start of implicit include info
    add: [/usr/lib/gcc/arm-none-eabi/7.3.1/../../../arm-none-eabi/include/c++/7.3.1]
    add: [/usr/lib/gcc/arm-none-eabi/7.3.1/../../../arm-none-eabi/include/c++/7.3.1/arm-none-eabi/thumb/v6-m]
    add: [/usr/lib/gcc/arm-none-eabi/7.3.1/../../../arm-none-eabi/include/c++/7.3.1/backward]
    add: [/usr/lib/gcc/arm-none-eabi/7.3.1/include]
    add: [/usr/lib/gcc/arm-none-eabi/7.3.1/include-fixed]
    add: [/usr/lib/gcc/arm-none-eabi/7.3.1/../../../arm-none-eabi/include]
  end of search list found
  collapse include dir [/usr/lib/gcc/arm-none-eabi/7.3.1/../../../arm-none-eabi/include/c++/7.3.1] ==> [/usr/lib/arm-none-eabi/include/c++/7.3.1]
  collapse include dir [/usr/lib/gcc/arm-none-eabi/7.3.1/../../../arm-none-eabi/include/c++/7.3.1/arm-none-eabi/thumb/v6-m] ==> [/usr/lib/arm-none-eabi/include/c++/7.3.1/arm-none-eabi/thumb/v6-m]
  collapse include dir [/usr/lib/gcc/arm-none-eabi/7.3.1/../../../arm-none-eabi/include/c++/7.3.1/backward] ==> [/usr/lib/arm-none-eabi/include/c++/7.3.1/backward]
  collapse include dir [/usr/lib/gcc/arm-none-eabi/7.3.1/include] ==> [/usr/lib/gcc/arm-none-eabi/7.3.1/include]
  collapse include dir [/usr/lib/gcc/arm-none-eabi/7.3.1/include-fixed] ==> [/usr/lib/gcc/arm-none-eabi/7.3.1/include-fixed]
  collapse include dir [/usr/lib/gcc/arm-none-eabi/7.3.1/../../../arm-none-eabi/include] ==> [/usr/lib/arm-none-eabi/include]
  implicit include dirs: [/usr/lib/arm-none-eabi/include/c++/7.3.1;/usr/lib/arm-none-eabi/include/c++/7.3.1/arm-none-eabi/thumb/v6-m;/usr/lib/arm-none-eabi/include/c++/7.3.1/backward;/usr/lib/gcc/arm-none-eabi/7.3.1/include;/usr/lib/gcc/arm-none-eabi/7.3.1/include-fixed;/usr/lib/arm-none-eabi/include]


Parsed CXX implicit link information from above output:
  link line regex: [^( *|.*[/\])(arm-none-eabi-ld|CMAKE_LINK_STARTFILE-NOTFOUND|([^/\]+-)?ld|collect2)[^/\]*( |$)]
  ignore line: [Change Dir: /home/pi/Documents/picoProjects/webServer/build/CMakeFiles/CMakeTmp]
  ignore line: []
  ignore line: [Run Build Command(s):/usr/bin/make cmTC_1309e/fast && /usr/bin/make -f CMakeFiles/cmTC_1309e.dir/build.make CMakeFiles/cmTC_1309e.dir/build]
  ignore line: [make[1]: Entering directory '/home/pi/Documents/picoProjects/webServer/build/CMakeFiles/CMakeTmp']
  ignore line: [Building CXX object CMakeFiles/cmTC_1309e.dir/CMakeCXXCompilerABI.cpp.obj]
  ignore line: [/usr/bin/arm-none-eabi-g++    -mcpu=cortex-m0plus -mthumb    -v -o CMakeFiles/cmTC_1309e.dir/CMakeCXXCompilerABI.cpp.obj -c /usr/share/cmake-3.16/Modules/CMakeCXXCompilerABI.cpp]
  ignore line: [Using built-in specs.]
  ignore line: [COLLECT_GCC=/usr/bin/arm-none-eabi-g++]
  ignore line: [Target: arm-none-eabi]
  ignore line: [Configured with: ../configure --build=arm-linux-gnueabihf --prefix=/usr --includedir='/usr/lib/include' --mandir='/usr/lib/share/man' --infodir='/usr/lib/share/info' --sysconfdir=/etc --localstatedir=/var --disable-silent-rules --libdir='/usr/lib/lib/arm-linux-gnueabihf' --libexecdir='/usr/lib/lib/arm-linux-gnueabihf' --disable-maintainer-mode --disable-dependency-tracking --mandir=/usr/share/man --enable-languages=c,c++,lto --enable-multilib --disable-decimal-float --disable-libffi --disable-libgomp --disable-libmudflap --disable-libquadmath --disable-libssp --disable-libstdcxx-pch --disable-nls --disable-shared --disable-threads --disable-tls --build=arm-linux-gnueabihf --target=arm-none-eabi --with-system-zlib --with-gnu-as --with-gnu-ld --with-pkgversion=15:7-2018-q2-6 --without-included-gettext --prefix=/usr/lib --infodir=/usr/share/doc/gcc-arm-none-eabi/info --htmldir=/usr/share/doc/gcc-arm-none-eabi/html --pdfdir=/usr/share/doc/gcc-arm-none-eabi/pdf --bindir=/usr/bin --libexecdir=/usr/lib --libdir=/usr/lib --disable-libstdc++-v3 --host=arm-linux-gnueabihf --with-headers=no --without-newlib --with-multilib-list=rmprofile CFLAGS='-g -O2 -fdebug-prefix-map=/build/gcc-arm-none-eabi-glcAvX/gcc-arm-none-eabi-7-2018-q2=. -fstack-protector-strong' CPPFLAGS='-Wdate-time -D_FORTIFY_SOURCE=2' CXXFLAGS='-g -O2 -fdebug-prefix-map=/build/gcc-arm-none-eabi-glcAvX/gcc-arm-none-eabi-7-2018-q2=. -fstack-protector-strong' FCFLAGS='-g -O2 -fdebug-prefix-map=/build/gcc-arm-none-eabi-glcAvX/gcc-arm-none-eabi-7-2018-q2=. -fstack-protector-strong' FFLAGS='-g -O2 -fdebug-prefix-map=/build/gcc-arm-none-eabi-glcAvX/gcc-arm-none-eabi-7-2018-q2=. -fstack-protector-strong' GCJFLAGS='-g -O2 -fdebug-prefix-map=/build/gcc-arm-none-eabi-glcAvX/gcc-arm-none-eabi-7-2018-q2=. -fstack-protector-strong' LDFLAGS=-Wl,-z,relro OBJCFLAGS='-g -O2 -fdebug-prefix-map=/build/gcc-arm-none-eabi-glcAvX/gcc-arm-none-eabi-7-2018-q2=. -fstack-protector-strong' OBJCXXFLAGS='-g -O2 -fdebug-prefix-map=/build/gcc-arm-none-eabi-glcAvX/gcc-arm-none-eabi-7-2018-q2=. -fstack-protector-strong' INHIBIT_LIBC_CFLAGS=-DUSE_TM_CLONE_REGISTRY=0 AR_FOR_TARGET=arm-none-eabi-ar AS_FOR_TARGET=arm-none-eabi-as LD_FOR_TARGET=arm-none-eabi-ld NM_FOR_TARGET=arm-none-eabi-nm OBJDUMP_FOR_TARGET=arm-none-eabi-objdump RANLIB_FOR_TARGET=arm-none-eabi-ranlib READELF_FOR_TARGET=arm-none-eabi-readelf STRIP_FOR_TARGET=arm-none-eabi-strip]
  ignore line: [Thread model: single]
  ignore line: [gcc version 7.3.1 20180622 (release) [ARM/embedded-7-branch revision 261907] (15:7-2018-q2-6) ]
  ignore line: [COLLECT_GCC_OPTIONS='-mcpu=cortex-m0plus' '-mthumb' '-v' '-o' 'CMakeFiles/cmTC_1309e.dir/CMakeCXXCompilerABI.cpp.obj' '-c']
  ignore line: [ /usr/lib/gcc/arm-none-eabi/7.3.1/cc1plus -quiet -v -imultilib thumb/v6-m -D__USES_INITFINI__ /usr/share/cmake-3.16/Modules/CMakeCXXCompilerABI.cpp -quiet -dumpbase CMakeCXXCompilerABI.cpp -mcpu=cortex-m0plus -mthumb -auxbase-strip CMakeFiles/cmTC_1309e.dir/CMakeCXXCompilerABI.cpp.obj -version -o /tmp/ccbmx05j.s]
  ignore line: [GNU C++14 (15:7-2018-q2-6) version 7.3.1 20180622 (release) [ARM/embedded-7-branch revision 261907] (arm-none-eabi)]
  ignore line: [	compiled by GNU C version 8.2.0  GMP version 6.1.2  MPFR version 4.0.2  MPC version 1.1.0  isl version none]
  ignore line: [GGC heuristics: --param ggc-min-expand=100 --param ggc-min-heapsize=131072]
  ignore line: [ignoring nonexistent directory "/usr/lib/gcc/arm-none-eabi/7.3.1/../../../arm-none-eabi/sys-include"]
  ignore line: [#include "..." search starts here:]
  ignore line: [#include <...> search starts here:]
  ignore line: [ /usr/lib/gcc/arm-none-eabi/7.3.1/../../../arm-none-eabi/include/c++/7.3.1]
  ignore line: [ /usr/lib/gcc/arm-none-eabi/7.3.1/../../../arm-none-eabi/include/c++/7.3.1/arm-none-eabi/thumb/v6-m]
  ignore line: [ /usr/lib/gcc/arm-none-eabi/7.3.1/../../../arm-none-eabi/include/c++/7.3.1/backward]
  ignore line: [ /usr/lib/gcc/arm-none-eabi/7.3.1/include]
  ignore line: [ /usr/lib/gcc/arm-none-eabi/7.3.1/include-fixed]
  ignore line: [ /usr/lib/gcc/arm-none-eabi/7.3.1/../../../arm-none-eabi/include]
  ignore line: [End of search list.]
  ignore line: [GNU C++14 (15:7-2018-q2-6) version 7.3.1 20180622 (release) [ARM/embedded-7-branch revision 261907] (arm-none-eabi)]
  ignore line: [	compiled by GNU C version 8.2.0  GMP version 6.1.2  MPFR version 4.0.2  MPC version 1.1.0  isl version none]
  ignore line: [GGC heuristics: --param ggc-min-expand=100 --param ggc-min-heapsize=131072]
  ignore line: [Compiler executable checksum: cdb3d4f9f25b62ed0141243beb4d16b7]
  ignore line: [COLLECT_GCC_OPTIONS='-mcpu=cortex-m0plus' '-mthumb' '-v' '-o' 'CMakeFiles/cmTC_1309e.dir/CMakeCXXCompilerABI.cpp.obj' '-c']
  ignore line: [ /usr/lib/gcc/arm-none-eabi/7.3.1/../../../arm-none-eabi/bin/as -v -mcpu=cortex-m0plus -meabi=5 -o CMakeFiles/cmTC_1309e.dir/CMakeCXXCompilerABI.cpp.obj /tmp/ccbmx05j.s]
  ignore line: [GNU assembler version 2.31.1 (arm-none-eabi) using BFD version (2.31.1-11+rpi1+11) 2.31.1]
  ignore line: [COMPILER_PATH=/usr/lib/gcc/arm-none-eabi/7.3.1/:/usr/lib/gcc/arm-none-eabi/7.3.1/:/usr/lib/gcc/arm-none-eabi/:/usr/lib/gcc/arm-none-eabi/7.3.1/:/usr/lib/gcc/arm-none-eabi/:/usr/lib/gcc/arm-none-eabi/7.3.1/../../../arm-none-eabi/bin/]
  ignore line: [LIBRARY_PATH=/usr/lib/gcc/arm-none-eabi/7.3.1/thumb/v6-m/:/usr/lib/gcc/arm-none-eabi/7.3.1/../../../arm-none-eabi/lib/thumb/v6-m/:/usr/lib/gcc/arm-none-eabi/7.3.1/:/usr/lib/gcc/arm-none-eabi/7.3.1/../../../arm-none-eabi/lib/]
  ignore line: [COLLECT_GCC_OPTIONS='-mcpu=cortex-m0plus' '-mthumb' '-v' '-o' 'CMakeFiles/cmTC_1309e.dir/CMakeCXXCompilerABI.cpp.obj' '-c']
  ignore line: [Linking CXX executable cmTC_1309e.elf]
  ignore line: [/usr/bin/cmake -E cmake_link_script CMakeFiles/cmTC_1309e.dir/link.txt --verbose=1]
  ignore line: [/usr/bin/arm-none-eabi-g++  -mcpu=cortex-m0plus -mthumb  -Wl --build-id=none -nostdlib  -v CMakeFiles/cmTC_1309e.dir/CMakeCXXCompilerABI.cpp.obj  -o cmTC_1309e.elf ]
  ignore line: [Using built-in specs.]
  ignore line: [COLLECT_GCC=/usr/bin/arm-none-eabi-g++]
  ignore line: [COLLECT_LTO_WRAPPER=/usr/lib/gcc/arm-none-eabi/7.3.1/lto-wrapper]
  ignore line: [Target: arm-none-eabi]
  ignore line: [Configured with: ../configure --build=arm-linux-gnueabihf --prefix=/usr --includedir='/usr/lib/include' --mandir='/usr/lib/share/man' --infodir='/usr/lib/share/info' --sysconfdir=/etc --localstatedir=/var --disable-silent-rules --libdir='/usr/lib/lib/arm-linux-gnueabihf' --libexecdir='/usr/lib/lib/arm-linux-gnueabihf' --disable-maintainer-mode --disable-dependency-tracking --mandir=/usr/share/man --enable-languages=c,c++,lto --enable-multilib --disable-decimal-float --disable-libffi --disable-libgomp --disable-libmudflap --disable-libquadmath --disable-libssp --disable-libstdcxx-pch --disable-nls --disable-shared --disable-threads --disable-tls --build=arm-linux-gnueabihf --target=arm-none-eabi --with-system-zlib --with-gnu-as --with-gnu-ld --with-pkgversion=15:7-2018-q2-6 --without-included-gettext --prefix=/usr/lib --infodir=/usr/share/doc/gcc-arm-none-eabi/info --htmldir=/usr/share/doc/gcc-arm-none-eabi/html --pdfdir=/usr/share/doc/gcc-arm-none-eabi/pdf --bindir=/usr/bin --libexecdir=/usr/lib --libdir=/usr/lib --disable-libstdc++-v3 --host=arm-linux-gnueabihf --with-headers=no --without-newlib --with-multilib-list=rmprofile CFLAGS='-g -O2 -fdebug-prefix-map=/build/gcc-arm-none-eabi-glcAvX/gcc-arm-none-eabi-7-2018-q2=. -fstack-protector-strong' CPPFLAGS='-Wdate-time -D_FORTIFY_SOURCE=2' CXXFLAGS='-g -O2 -fdebug-prefix-map=/build/gcc-arm-none-eabi-glcAvX/gcc-arm-none-eabi-7-2018-q2=. -fstack-protector-strong' FCFLAGS='-g -O2 -fdebug-prefix-map=/build/gcc-arm-none-eabi-glcAvX/gcc-arm-none-eabi-7-2018-q2=. -fstack-protector-strong' FFLAGS='-g -O2 -fdebug-prefix-map=/build/gcc-arm-none-eabi-glcAvX/gcc-arm-none-eabi-7-2018-q2=. -fstack-protector-strong' GCJFLAGS='-g -O2 -fdebug-prefix-map=/build/gcc-arm-none-eabi-glcAvX/gcc-arm-none-eabi-7-2018-q2=. -fstack-protector-strong' LDFLAGS=-Wl,-z,relro OBJCFLAGS='-g -O2 -fdebug-prefix-map=/build/gcc-arm-none-eabi-glcAvX/gcc-arm-none-eabi-7-2018-q2=. -fstack-protector-strong' OBJCXXFLAGS='-g -O2 -fdebug-prefix-map=/build/gcc-arm-none-eabi-glcAvX/gcc-arm-none-eabi-7-2018-q2=. -fstack-protector-strong' INHIBIT_LIBC_CFLAGS=-DUSE_TM_CLONE_REGISTRY=0 AR_FOR_TARGET=arm-none-eabi-ar AS_FOR_TARGET=arm-none-eabi-as LD_FOR_TARGET=arm-none-eabi-ld NM_FOR_TARGET=arm-none-eabi-nm OBJDUMP_FOR_TARGET=arm-none-eabi-objdump RANLIB_FOR_TARGET=arm-none-eabi-ranlib READELF_FOR_TARGET=arm-none-eabi-readelf STRIP_FOR_TARGET=arm-none-eabi-strip]
  ignore line: [Thread model: single]
  ignore line: [gcc version 7.3.1 20180622 (release) [ARM/embedded-7-branch revision 261907] (15:7-2018-q2-6) ]
  ignore line: [COMPILER_PATH=/usr/lib/gcc/arm-none-eabi/7.3.1/:/usr/lib/gcc/arm-none-eabi/7.3.1/:/usr/lib/gcc/arm-none-eabi/:/usr/lib/gcc/arm-none-eabi/7.3.1/:/usr/lib/gcc/arm-none-eabi/:/usr/lib/gcc/arm-none-eabi/7.3.1/../../../arm-none-eabi/bin/]
  ignore line: [LIBRARY_PATH=/usr/lib/gcc/arm-none-eabi/7.3.1/thumb/v6-m/:/usr/lib/gcc/arm-none-eabi/7.3.1/../../../arm-none-eabi/lib/thumb/v6-m/:/usr/lib/gcc/arm-none-eabi/7.3.1/:/usr/lib/gcc/arm-none-eabi/7.3.1/../../../arm-none-eabi/lib/]
  ignore line: [COLLECT_GCC_OPTIONS='-mcpu=cortex-m0plus' '-mthumb' '-nostdlib' '-v' '-o' 'cmTC_1309e.elf']
  link line: [ /usr/lib/gcc/arm-none-eabi/7.3.1/collect2 -plugin /usr/lib/gcc/arm-none-eabi/7.3.1/liblto_plugin.so -plugin-opt=/usr/lib/gcc/arm-none-eabi/7.3.1/lto-wrapper -plugin-opt=-fresolution=/tmp/cc8AekFh.res -X -o cmTC_1309e.elf -L/usr/lib/gcc/arm-none-eabi/7.3.1/thumb/v6-m -L/usr/lib/gcc/arm-none-eabi/7.3.1/../../../arm-none-eabi/lib/thumb/v6-m -L/usr/lib/gcc/arm-none-eabi/7.3.1 -L/usr/lib/gcc/arm-none-eabi/7.3.1/../../../arm-none-eabi/lib --build-id=none CMakeFiles/cmTC_1309e.dir/CMakeCXXCompilerABI.cpp.obj]
    arg [/usr/lib/gcc/arm-none-eabi/7.3.1/collect2] ==> ignore
    arg [-plugin] ==> ignore
    arg [/usr/lib/gcc/arm-none-eabi/7.3.1/liblto_plugin.so] ==> ignore
    arg [-plugin-opt=/usr/lib/gcc/arm-none-eabi/7.3.1/lto-wrapper] ==> ignore
    arg [-plugin-opt=-fresolution=/tmp/cc8AekFh.res] ==> ignore
    arg [-X] ==> ignore
    arg [-o] ==> ignore
    arg [cmTC_1309e.elf] ==> ignore
    arg [-L/usr/lib/gcc/arm-none-eabi/7.3.1/thumb/v6-m] ==> dir [/usr/lib/gcc/arm-none-eabi/7.3.1/thumb/v6-m]
    arg [-L/usr/lib/gcc/arm-none-eabi/7.3.1/../../../arm-none-eabi/lib/thumb/v6-m] ==> dir [/usr/lib/gcc/arm-none-eabi/7.3.1/../../../arm-none-eabi/lib/thumb/v6-m]
    arg [-L/usr/lib/gcc/arm-none-eabi/7.3.1] ==> dir [/usr/lib/gcc/arm-none-eabi/7.3.1]
    arg [-L/usr/lib/gcc/arm-none-eabi/7.3.1/../../../arm-none-eabi/lib] ==> dir [/usr/lib/gcc/arm-none-eabi/7.3.1/../../../arm-none-eabi/lib]
    arg [--build-id=none] ==> ignore
    arg [CMakeFiles/cmTC_1309e.dir/CMakeCXXCompilerABI.cpp.obj] ==> ignore
  collapse library dir [/usr/lib/gcc/arm-none-eabi/7.3.1/thumb/v6-m] ==> [/usr/lib/gcc/arm-none-eabi/7.3.1/thumb/v6-m]
  collapse library dir [/usr/lib/gcc/arm-none-eabi/7.3.1/../../../arm-none-eabi/lib/thumb/v6-m] ==> [/usr/lib/arm-none-eabi/lib/thumb/v6-m]
  collapse library dir [/usr/lib/gcc/arm-none-eabi/7.3.1] ==> [/usr/lib/gcc/arm-none-eabi/7.3.1]
  collapse library dir [/usr/lib/gcc/arm-none-eabi/7.3.1/../../../arm-none-eabi/lib] ==> [/usr/lib/arm-none-eabi/lib]
  implicit libs: []
  implicit dirs: [/usr/lib/gcc/arm-none-eabi/7.3.1/thumb/v6-m;/usr/lib/arm-none-eabi/lib/thumb/v6-m;/usr/lib/gcc/arm-none-eabi/7.3.1;/usr/lib/arm-none-eabi/lib]
  implicit fwks: []


Checking whether the ASM compiler is GNU using "--version" matched "(GNU assembler)|(GCC)|(Free Software Foundation)":
arm-none-eabi-gcc (15:7-2018-q2-6) 7.3.1 20180622 (release) [ARM/embedded-7-branch revision 261907]
Copyright (C) 2017 Free Software Foundation, Inc.
This is free software; see the source for copying conditions.  There is NO
warranty; not even for MERCHANTABILITY or FITNESS FOR A PARTICULAR PURPOSE.

